\BOOKMARK [0][-]{chapter.1}{\376\377\000T\000o\000p\000i\000c\000\040\0001\0000\0001\000:\000\040\000S\000y\000s\000t\000e\000m\000\040\000A\000r\000c\000h\000i\000t\000e\000c\000t\000u\000r\000e}{}% 1
\BOOKMARK [1][-]{section*.2}{\376\377\0001\0000\0001\000.\0001\000\040\000D\000e\000t\000e\000r\000m\000i\000n\000e\000\040\000a\000n\000d\000\040\000C\000o\000n\000f\000i\000g\000u\000r\000e\000\040\000H\000a\000r\000d\000w\000a\000r\000e\000\040\000S\000e\000t\000t\000i\000n\000g\000s}{chapter.1}% 2
\BOOKMARK [1][-]{section*.15}{\376\377\0001\0000\0001\000.\0002\000\040\000B\000o\000o\000t\000\040\000t\000h\000e\000\040\000S\000y\000s\000t\000e\000m}{chapter.1}% 3
\BOOKMARK [1][-]{section*.27}{\376\377\0001\0000\0001\000.\0003\000\040\000C\000h\000a\000n\000g\000e\000\040\000R\000u\000n\000l\000e\000v\000e\000l\000s\000\040\000/\000\040\000B\000o\000o\000t\000\040\000T\000a\000r\000g\000e\000t\000s\000\040\000a\000n\000d\000\040\000S\000h\000u\000t\000d\000o\000w\000n\000\040\000o\000r\000\040\000R\000e\000b\000o\000o\000t\000\040\000S\000y\000s\000t\000e\000m}{chapter.1}% 4
\BOOKMARK [0][-]{chapter.2}{\376\377\000T\000o\000p\000i\000c\000\040\0001\0000\0002\000:\000\040\000L\000i\000n\000u\000x\000\040\000I\000n\000s\000t\000a\000l\000l\000a\000t\000i\000o\000n\000\040\000a\000n\000d\000\040\000P\000a\000c\000k\000a\000g\000e\000\040\000M\000a\000n\000a\000g\000e\000m\000e\000n\000t}{}% 5
\BOOKMARK [1][-]{section*.51}{\376\377\0001\0000\0002\000.\0001\000\040\000D\000e\000s\000i\000g\000n\000\040\000H\000a\000r\000d\000\040\000D\000i\000s\000k\000\040\000L\000a\000y\000o\000u\000t}{chapter.2}% 6
\BOOKMARK [1][-]{section*.61}{\376\377\0001\0000\0002\000.\0002\000\040\000I\000n\000s\000t\000a\000l\000l\000\040\000a\000\040\000B\000o\000o\000t\000\040\000M\000a\000n\000a\000g\000e\000r}{chapter.2}% 7
\BOOKMARK [1][-]{section*.73}{\376\377\0001\0000\0002\000.\0003\000\040\000M\000a\000n\000a\000g\000e\000\040\000S\000h\000a\000r\000e\000d\000\040\000L\000i\000b\000r\000a\000r\000i\000e\000s}{chapter.2}% 8
\BOOKMARK [1][-]{section*.84}{\376\377\0001\0000\0002\000.\0004\000\040\000U\000s\000e\000\040\000D\000e\000b\000i\000a\000n\000\040\000P\000a\000c\000k\000a\000g\000e\000\040\000M\000a\000n\000a\000g\000e\000m\000e\000n\000t}{chapter.2}% 9
\BOOKMARK [1][-]{section*.95}{\376\377\0001\0000\0002\000.\0005\000\040\000U\000s\000e\000\040\000R\000P\000M\000\040\000a\000n\000d\000\040\000Y\000U\000M\000\040\000P\000a\000c\000k\000a\000g\000e\000\040\000M\000a\000n\000a\000g\000e\000m\000e\000n\000t}{chapter.2}% 10
\BOOKMARK [1][-]{section*.106}{\376\377\0001\0000\0002\000.\0006\000\040\000L\000i\000n\000u\000x\000\040\000a\000s\000\040\000a\000\040\000v\000i\000r\000t\000u\000a\000l\000i\000z\000a\000t\000i\000o\000n\000\040\000g\000u\000e\000s\000t}{chapter.2}% 11
\BOOKMARK [0][-]{chapter.3}{\376\377\000T\000o\000p\000i\000c\000\040\0001\0000\0003\000:\000\040\000G\000N\000U\000\040\000a\000n\000d\000\040\000U\000n\000i\000x\000\040\000C\000o\000m\000m\000a\000n\000d\000s}{}% 12
\BOOKMARK [1][-]{section*.121}{\376\377\0001\0000\0003\000.\0001\000\040\000W\000o\000r\000k\000\040\000o\000n\000\040\000t\000h\000e\000\040\000c\000o\000m\000m\000a\000n\000d\000\040\000l\000i\000n\000e}{chapter.3}% 13
\BOOKMARK [1][-]{section*.122}{\376\377\0001\0000\0003\000.\0002\000\040\000P\000r\000o\000c\000e\000s\000s\000\040\000t\000e\000x\000t\000\040\000s\000t\000r\000e\000a\000m\000s\000\040\000u\000s\000i\000n\000g\000\040\000f\000i\000l\000t\000e\000r\000s}{chapter.3}% 14
\BOOKMARK [1][-]{section*.123}{\376\377\0001\0000\0003\000.\0003\000\040\000P\000e\000r\000f\000o\000r\000m\000\040\000b\000a\000s\000i\000c\000\040\000f\000i\000l\000e\000\040\000m\000a\000n\000a\000g\000e\000m\000e\000n\000t}{chapter.3}% 15
\BOOKMARK [1][-]{section*.124}{\376\377\0001\0000\0003\000.\0004\000\040\000U\000s\000e\000\040\000s\000t\000r\000e\000a\000m\000s\000,\000\040\000p\000i\000p\000e\000s\000\040\000a\000n\000d\000\040\000r\000e\000d\000i\000r\000e\000c\000t\000s}{chapter.3}% 16
\BOOKMARK [1][-]{section*.125}{\376\377\0001\0000\0003\000.\0005\000\040\000C\000r\000e\000a\000t\000e\000,\000\040\000m\000o\000n\000i\000t\000o\000r\000\040\000a\000n\000d\000\040\000k\000i\000l\000l\000\040\000p\000r\000o\000c\000e\000s\000s\000e\000s}{chapter.3}% 17
\BOOKMARK [1][-]{section*.126}{\376\377\0001\0000\0003\000.\0006\000\040\000M\000o\000d\000i\000f\000y\000\040\000p\000r\000o\000c\000e\000s\000s\000\040\000e\000x\000e\000c\000u\000t\000i\000o\000n\000\040\000p\000r\000i\000o\000r\000i\000t\000i\000e\000s}{chapter.3}% 18
\BOOKMARK [1][-]{section*.127}{\376\377\0001\0000\0003\000.\0007\000\040\000S\000e\000a\000r\000c\000h\000\040\000t\000e\000x\000t\000\040\000f\000i\000l\000e\000s\000\040\000u\000s\000i\000n\000g\000\040\000r\000e\000g\000u\000l\000a\000r\000\040\000e\000x\000p\000r\000e\000s\000s\000i\000o\000n\000s}{chapter.3}% 19
\BOOKMARK [1][-]{section*.128}{\376\377\0001\0000\0003\000.\0008\000\040\000B\000a\000s\000i\000c\000\040\000f\000i\000l\000e\000\040\000e\000d\000i\000t\000i\000n\000g}{chapter.3}% 20
\BOOKMARK [0][-]{chapter.4}{\376\377\000T\000o\000p\000i\000c\000\040\0001\0000\0004\000:\000\040\000D\000e\000v\000i\000c\000e\000s\000,\000\040\000L\000i\000n\000u\000x\000\040\000F\000i\000l\000e\000s\000y\000s\000t\000e\000m\000s\000,\000\040\000F\000i\000l\000e\000s\000y\000s\000t\000e\000m\000\040\000H\000i\000e\000r\000a\000r\000c\000h\000y\000\040\000S\000t\000a\000n\000d\000a\000r\000d}{}% 21
\BOOKMARK [1][-]{section.4.1}{\376\377\0001\0000\0004\000.\0001\000\040\000C\000r\000e\000a\000t\000e\000\040\000p\000a\000r\000t\000i\000t\000i\000o\000n\000s\000\040\000a\000n\000d\000\040\000f\000i\000l\000e\000s\000y\000s\000t\000e\000m\000s}{chapter.4}% 22
\BOOKMARK [1][-]{section.4.2}{\376\377\0001\0000\0004\000.\0002\000\040\000M\000a\000i\000n\000t\000a\000i\000n\000\040\000t\000h\000e\000\040\000i\000n\000t\000e\000g\000r\000i\000t\000y\000\040\000o\000f\000\040\000f\000i\000l\000e\000s\000y\000s\000t\000e\000m\000s}{chapter.4}% 23
\BOOKMARK [1][-]{section.4.3}{\376\377\0001\0000\0004\000.\0003\000\040\000C\000o\000n\000t\000r\000o\000l\000\040\000m\000o\000u\000n\000t\000i\000n\000g\000\040\000a\000n\000d\000\040\000u\000n\000m\000o\000u\000n\000t\000i\000n\000g\000\040\000o\000f\000\040\000f\000i\000l\000e\000s\000y\000s\000t\000e\000m\000s}{chapter.4}% 24
\BOOKMARK [1][-]{section.4.4}{\376\377\0001\0000\0004\000.\0005\000\040\000M\000a\000n\000a\000g\000e\000\040\000f\000i\000l\000e\000\040\000p\000e\000r\000m\000i\000s\000s\000i\000o\000n\000s\000\040\000a\000n\000d\000\040\000o\000w\000n\000e\000r\000s\000h\000i\000p}{chapter.4}% 25
\BOOKMARK [1][-]{section.4.5}{\376\377\0001\0000\0004\000.\0006\000\040\000C\000r\000e\000a\000t\000e\000\040\000a\000n\000d\000\040\000c\000h\000a\000n\000g\000e\000\040\000h\000a\000r\000d\000\040\000a\000n\000d\000\040\000s\000y\000m\000b\000o\000l\000i\000c\000\040\000l\000i\000n\000k\000s}{chapter.4}% 26
\BOOKMARK [1][-]{section.4.6}{\376\377\0001\0000\0004\000.\0007\000\040\000F\000i\000n\000d\000\040\000s\000y\000s\000t\000e\000m\000\040\000f\000i\000l\000e\000s\000\040\000a\000n\000d\000\040\000p\000l\000a\000c\000e\000\040\000f\000i\000l\000e\000s\000\040\000i\000n\000\040\000t\000h\000e\000\040\000c\000o\000r\000r\000e\000c\000t\000\040\000l\000o\000c\000a\000t\000i\000o\000n}{chapter.4}% 27
\BOOKMARK [0][-]{chapter.5}{\376\377\000T\000o\000p\000i\000c\000\040\0001\0000\0005\000:\000\040\000S\000h\000e\000l\000l\000s\000\040\000a\000n\000d\000\040\000S\000h\000e\000l\000l\000\040\000S\000c\000r\000i\000p\000t\000i\000n\000g}{}% 28
\BOOKMARK [1][-]{section.5.1}{\376\377\0001\0000\0005\000.\0001\000\040\000C\000u\000s\000t\000o\000m\000i\000z\000e\000\040\000a\000n\000d\000\040\000u\000s\000e\000\040\000t\000h\000e\000\040\000s\000h\000e\000l\000l\000\040\000e\000n\000v\000i\000r\000o\000n\000m\000e\000n\000t}{chapter.5}% 29
\BOOKMARK [1][-]{section.5.2}{\376\377\0001\0000\0005\000.\0002\000\040\000C\000u\000s\000t\000o\000m\000i\000z\000e\000\040\000o\000r\000\040\000w\000r\000i\000t\000e\000\040\000s\000i\000m\000p\000l\000e\000\040\000s\000c\000r\000i\000p\000t\000s}{chapter.5}% 30
\BOOKMARK [0][-]{chapter.6}{\376\377\000T\000o\000p\000i\000c\000\040\0001\0000\0006\000:\000\040\000U\000s\000e\000r\000\040\000I\000n\000t\000e\000r\000f\000a\000c\000e\000s\000\040\000a\000n\000d\000\040\000D\000e\000s\000k\000t\000o\000p\000s}{}% 31
\BOOKMARK [1][-]{section.6.1}{\376\377\0001\0000\0006\000.\0001\000\040\000I\000n\000s\000t\000a\000l\000l\000\040\000a\000n\000d\000\040\000c\000o\000n\000f\000i\000g\000u\000r\000e\000\040\000X\0001\0001}{chapter.6}% 32
\BOOKMARK [1][-]{section.6.2}{\376\377\0001\0000\0006\000.\0002\000\040\000G\000r\000a\000p\000h\000i\000c\000a\000l\000\040\000D\000e\000s\000k\000t\000o\000p\000s}{chapter.6}% 33
\BOOKMARK [1][-]{section.6.3}{\376\377\0001\0000\0006\000.\0003\000\040\000A\000c\000c\000e\000s\000s\000i\000b\000i\000l\000i\000t\000y}{chapter.6}% 34
\BOOKMARK [0][-]{chapter.7}{\376\377\000T\000o\000p\000i\000c\000\040\0001\0000\0007\000:\000\040\000A\000d\000m\000i\000n\000i\000s\000t\000r\000a\000t\000i\000v\000e\000\040\000T\000a\000s\000k\000s}{}% 35
\BOOKMARK [1][-]{section.7.1}{\376\377\0001\0000\0007\000.\0001\000\040\000M\000a\000n\000a\000g\000e\000\040\000u\000s\000e\000r\000\040\000a\000n\000d\000\040\000g\000r\000o\000u\000p\000\040\000a\000c\000c\000o\000u\000n\000t\000s\000\040\000a\000n\000d\000\040\000r\000e\000l\000a\000t\000e\000d\000\040\000s\000y\000s\000t\000e\000m\000\040\000f\000i\000l\000e\000s}{chapter.7}% 36
\BOOKMARK [1][-]{section.7.2}{\376\377\0001\0000\0007\000.\0002\000\040\000A\000u\000t\000o\000m\000a\000t\000e\000\040\000s\000y\000s\000t\000e\000m\000\040\000a\000d\000m\000i\000n\000i\000s\000t\000r\000a\000t\000i\000o\000n\000\040\000t\000a\000s\000k\000s\000\040\000b\000y\000\040\000s\000c\000h\000e\000d\000u\000l\000i\000n\000g\000\040\000j\000o\000b\000s}{chapter.7}% 37
\BOOKMARK [1][-]{section.7.3}{\376\377\0001\0000\0007\000.\0003\000\040\000L\000o\000c\000a\000l\000i\000s\000a\000t\000i\000o\000n\000\040\000a\000n\000d\000\040\000i\000n\000t\000e\000r\000n\000a\000t\000i\000o\000n\000a\000l\000i\000s\000a\000t\000i\000o\000n}{chapter.7}% 38
\BOOKMARK [0][-]{chapter.8}{\376\377\000T\000o\000p\000i\000c\000\040\0001\0000\0008\000:\000\040\000E\000s\000s\000e\000n\000t\000i\000a\000l\000\040\000S\000y\000s\000t\000e\000m\000\040\000S\000e\000r\000v\000i\000c\000e\000s}{}% 39
\BOOKMARK [1][-]{section.8.1}{\376\377\0001\0000\0008\000.\0001\000\040\000M\000a\000i\000n\000t\000a\000i\000n\000\040\000s\000y\000s\000t\000e\000m\000\040\000t\000i\000m\000e}{chapter.8}% 40
\BOOKMARK [1][-]{section.8.2}{\376\377\0001\0000\0008\000.\0002\000\040\000S\000y\000s\000t\000e\000m\000\040\000l\000o\000g\000g\000i\000n\000g}{chapter.8}% 41
\BOOKMARK [1][-]{section.8.3}{\376\377\0001\0000\0008\000.\0003\000\040\000M\000a\000i\000l\000\040\000T\000r\000a\000n\000s\000f\000e\000r\000\040\000A\000g\000e\000n\000t\000\040\000\050\000M\000T\000A\000\051\000\040\000b\000a\000s\000i\000c\000s}{chapter.8}% 42
\BOOKMARK [1][-]{section.8.4}{\376\377\0001\0000\0008\000.\0004\000\040\000M\000a\000n\000a\000g\000e\000\040\000p\000r\000i\000n\000t\000e\000r\000s\000\040\000a\000n\000d\000\040\000p\000r\000i\000n\000t\000i\000n\000g}{chapter.8}% 43
\BOOKMARK [0][-]{chapter.9}{\376\377\000T\000o\000p\000i\000c\000\040\0001\0000\0009\000:\000\040\000N\000e\000t\000w\000o\000r\000k\000i\000n\000g\000\040\000F\000u\000n\000d\000a\000m\000e\000n\000t\000a\000l\000s}{}% 44
\BOOKMARK [1][-]{section.9.1}{\376\377\0001\0000\0009\000.\0001\000\040\000F\000u\000n\000d\000a\000m\000e\000n\000t\000a\000l\000s\000\040\000o\000f\000\040\000i\000n\000t\000e\000r\000n\000e\000t\000\040\000p\000r\000o\000t\000o\000c\000o\000l\000s}{chapter.9}% 45
\BOOKMARK [1][-]{section.9.2}{\376\377\0001\0000\0009\000.\0002\000\040\000P\000e\000r\000s\000i\000s\000t\000e\000n\000t\000\040\000n\000e\000t\000w\000o\000r\000k\000\040\000c\000o\000n\000f\000i\000g\000u\000r\000a\000t\000i\000o\000n}{chapter.9}% 46
\BOOKMARK [1][-]{section.9.3}{\376\377\0001\0000\0009\000.\0003\000\040\000B\000a\000s\000i\000c\000\040\000n\000e\000t\000w\000o\000r\000k\000\040\000t\000r\000o\000u\000b\000l\000e\000s\000h\000o\000o\000t\000i\000n\000g}{chapter.9}% 47
\BOOKMARK [1][-]{section.9.4}{\376\377\0001\0000\0009\000.\0004\000\040\000C\000o\000n\000f\000i\000g\000u\000r\000e\000\040\000c\000l\000i\000e\000n\000t\000\040\000s\000i\000d\000e\000\040\000D\000N\000S}{chapter.9}% 48
\BOOKMARK [0][-]{chapter.10}{\376\377\000T\000o\000p\000i\000c\000\040\0001\0001\0000\000:\000\040\000S\000e\000c\000u\000r\000i\000t\000y}{}% 49
\BOOKMARK [1][-]{section.10.1}{\376\377\0001\0001\0000\000.\0001\000\040\000P\000e\000r\000f\000o\000r\000m\000\040\000s\000e\000c\000u\000r\000i\000t\000y\000\040\000a\000d\000m\000i\000n\000i\000s\000t\000r\000a\000t\000i\000o\000n\000\040\000t\000a\000s\000k\000s}{chapter.10}% 50
\BOOKMARK [1][-]{section.10.2}{\376\377\0001\0001\0000\000.\0002\000\040\000S\000e\000t\000u\000p\000\040\000h\000o\000s\000t\000\040\000s\000e\000c\000u\000r\000i\000t\000y}{chapter.10}% 51
\BOOKMARK [1][-]{section.10.3}{\376\377\0001\0001\0000\000.\0003\000\040\000S\000e\000c\000u\000r\000i\000n\000g\000\040\000d\000a\000t\000a\000\040\000w\000i\000t\000h\000\040\000e\000n\000c\000r\000y\000p\000t\000i\000o\000n}{chapter.10}% 52
\BOOKMARK [0][-]{chapter*.130}{\376\377\000A\000n\000s\000w\000e\000r\000s}{}% 53
\BOOKMARK [1][-]{section*.131}{\376\377\000T\000o\000p\000i\000c\000\040\0001\0000\0001\000:\000\040\000S\000y\000s\000t\000e\000m\000\040\000A\000r\000c\000h\000i\000t\000e\000c\000t\000u\000r\000e}{chapter*.130}% 54
